<?xml version="1.0" encoding="UTF-8"?>
<testsuite xmlns:xsi="http://www.w3.org/2001/XMLSchema-instance" xsi:noNamespaceSchemaLocation="https://maven.apache.org/surefire/maven-surefire-plugin/xsd/surefire-test-report-3.0.xsd" version="3.0" name="TestSuite" time="26.628" tests="2" errors="0" skipped="0" failures="0">
  <properties>
    <property name="java.specification.version" value="17"/>
    <property name="sun.jnu.encoding" value="UTF-8"/>
    <property name="java.class.path" value="/home/sandip/Downloads/Framework/BuildAutoFWKFromScratch-master/target/test-classes:/home/sandip/Downloads/Framework/BuildAutoFWKFromScratch-master/target/classes:/home/sandip/.m2/repository/junit/junit/4.13/junit-4.13.jar:/home/sandip/.m2/repository/org/hamcrest/hamcrest-core/1.3/hamcrest-core-1.3.jar:/home/sandip/.m2/repository/org/seleniumhq/selenium/selenium-java/3.141.59/selenium-java-3.141.59.jar:/home/sandip/.m2/repository/org/seleniumhq/selenium/selenium-api/3.141.59/selenium-api-3.141.59.jar:/home/sandip/.m2/repository/org/seleniumhq/selenium/selenium-chrome-driver/3.141.59/selenium-chrome-driver-3.141.59.jar:/home/sandip/.m2/repository/org/seleniumhq/selenium/selenium-edge-driver/3.141.59/selenium-edge-driver-3.141.59.jar:/home/sandip/.m2/repository/org/seleniumhq/selenium/selenium-firefox-driver/3.141.59/selenium-firefox-driver-3.141.59.jar:/home/sandip/.m2/repository/org/seleniumhq/selenium/selenium-ie-driver/3.141.59/selenium-ie-driver-3.141.59.jar:/home/sandip/.m2/repository/org/seleniumhq/selenium/selenium-opera-driver/3.141.59/selenium-opera-driver-3.141.59.jar:/home/sandip/.m2/repository/org/seleniumhq/selenium/selenium-remote-driver/3.141.59/selenium-remote-driver-3.141.59.jar:/home/sandip/.m2/repository/org/seleniumhq/selenium/selenium-safari-driver/3.141.59/selenium-safari-driver-3.141.59.jar:/home/sandip/.m2/repository/org/seleniumhq/selenium/selenium-support/3.141.59/selenium-support-3.141.59.jar:/home/sandip/.m2/repository/net/bytebuddy/byte-buddy/1.8.15/byte-buddy-1.8.15.jar:/home/sandip/.m2/repository/org/apache/commons/commons-exec/1.3/commons-exec-1.3.jar:/home/sandip/.m2/repository/com/google/guava/guava/25.0-jre/guava-25.0-jre.jar:/home/sandip/.m2/repository/com/google/code/findbugs/jsr305/1.3.9/jsr305-1.3.9.jar:/home/sandip/.m2/repository/org/checkerframework/checker-compat-qual/2.0.0/checker-compat-qual-2.0.0.jar:/home/sandip/.m2/repository/com/google/errorprone/error_prone_annotations/2.1.3/error_prone_annotations-2.1.3.jar:/home/sandip/.m2/repository/com/google/j2objc/j2objc-annotations/1.1/j2objc-annotations-1.1.jar:/home/sandip/.m2/repository/org/codehaus/mojo/animal-sniffer-annotations/1.14/animal-sniffer-annotations-1.14.jar:/home/sandip/.m2/repository/com/squareup/okhttp3/okhttp/3.11.0/okhttp-3.11.0.jar:/home/sandip/.m2/repository/com/squareup/okio/okio/1.14.0/okio-1.14.0.jar:/home/sandip/.m2/repository/org/testng/testng/6.8/testng-6.8.jar:/home/sandip/.m2/repository/org/beanshell/bsh/2.0b4/bsh-2.0b4.jar:/home/sandip/.m2/repository/com/beust/jcommander/1.27/jcommander-1.27.jar:/home/sandip/.m2/repository/org/yaml/snakeyaml/1.6/snakeyaml-1.6.jar:/home/sandip/.m2/repository/com/relevantcodes/extentreports/2.41.1/extentreports-2.41.1.jar:/home/sandip/.m2/repository/org/jsoup/jsoup/1.8.3/jsoup-1.8.3.jar:/home/sandip/.m2/repository/org/xerial/sqlite-jdbc/3.8.11.1/sqlite-jdbc-3.8.11.1.jar:/home/sandip/.m2/repository/org/freemarker/freemarker/2.3.23/freemarker-2.3.23.jar:/home/sandip/.m2/repository/org/mongodb/mongodb-driver/3.0.4/mongodb-driver-3.0.4.jar:/home/sandip/.m2/repository/org/mongodb/bson/3.0.4/bson-3.0.4.jar:/home/sandip/.m2/repository/org/mongodb/mongodb-driver-core/3.0.4/mongodb-driver-core-3.0.4.jar:/home/sandip/.m2/repository/org/apache/logging/log4j/log4j-api/2.13.1/log4j-api-2.13.1.jar:/home/sandip/.m2/repository/org/apache/logging/log4j/log4j-core/2.13.1/log4j-core-2.13.1.jar:/home/sandip/.m2/repository/commons-io/commons-io/2.6/commons-io-2.6.jar:/home/sandip/.m2/repository/com/google/inject/guice/4.2.2/guice-4.2.2.jar:/home/sandip/.m2/repository/javax/inject/javax.inject/1/javax.inject-1.jar:/home/sandip/.m2/repository/aopalliance/aopalliance/1.0/aopalliance-1.0.jar:"/>
    <property name="java.vm.vendor" value="Oracle Corporation"/>
    <property name="sun.arch.data.model" value="64"/>
    <property name="java.vendor.url" value="https://java.oracle.com/"/>
    <property name="user.timezone" value="Asia/Kolkata"/>
    <property name="os.name" value="Linux"/>
    <property name="java.vm.specification.version" value="17"/>
    <property name="sun.java.launcher" value="SUN_STANDARD"/>
    <property name="user.country" value="IN"/>
    <property name="sun.boot.library.path" value="/usr/lib/jvm/java-17-oracle/lib"/>
    <property name="sun.java.command" value="/home/sandip/Downloads/Framework/BuildAutoFWKFromScratch-master/target/surefire/surefirebooter7413563378324142078.jar /home/sandip/Downloads/Framework/BuildAutoFWKFromScratch-master/target/surefire 2022-12-10T15-49-49_847-jvmRun1 surefire11265052666665038434tmp surefire_014676083600166550571tmp"/>
    <property name="jdk.debug" value="release"/>
    <property name="surefire.test.class.path" value="/home/sandip/Downloads/Framework/BuildAutoFWKFromScratch-master/target/test-classes:/home/sandip/Downloads/Framework/BuildAutoFWKFromScratch-master/target/classes:/home/sandip/.m2/repository/junit/junit/4.13/junit-4.13.jar:/home/sandip/.m2/repository/org/hamcrest/hamcrest-core/1.3/hamcrest-core-1.3.jar:/home/sandip/.m2/repository/org/seleniumhq/selenium/selenium-java/3.141.59/selenium-java-3.141.59.jar:/home/sandip/.m2/repository/org/seleniumhq/selenium/selenium-api/3.141.59/selenium-api-3.141.59.jar:/home/sandip/.m2/repository/org/seleniumhq/selenium/selenium-chrome-driver/3.141.59/selenium-chrome-driver-3.141.59.jar:/home/sandip/.m2/repository/org/seleniumhq/selenium/selenium-edge-driver/3.141.59/selenium-edge-driver-3.141.59.jar:/home/sandip/.m2/repository/org/seleniumhq/selenium/selenium-firefox-driver/3.141.59/selenium-firefox-driver-3.141.59.jar:/home/sandip/.m2/repository/org/seleniumhq/selenium/selenium-ie-driver/3.141.59/selenium-ie-driver-3.141.59.jar:/home/sandip/.m2/repository/org/seleniumhq/selenium/selenium-opera-driver/3.141.59/selenium-opera-driver-3.141.59.jar:/home/sandip/.m2/repository/org/seleniumhq/selenium/selenium-remote-driver/3.141.59/selenium-remote-driver-3.141.59.jar:/home/sandip/.m2/repository/org/seleniumhq/selenium/selenium-safari-driver/3.141.59/selenium-safari-driver-3.141.59.jar:/home/sandip/.m2/repository/org/seleniumhq/selenium/selenium-support/3.141.59/selenium-support-3.141.59.jar:/home/sandip/.m2/repository/net/bytebuddy/byte-buddy/1.8.15/byte-buddy-1.8.15.jar:/home/sandip/.m2/repository/org/apache/commons/commons-exec/1.3/commons-exec-1.3.jar:/home/sandip/.m2/repository/com/google/guava/guava/25.0-jre/guava-25.0-jre.jar:/home/sandip/.m2/repository/com/google/code/findbugs/jsr305/1.3.9/jsr305-1.3.9.jar:/home/sandip/.m2/repository/org/checkerframework/checker-compat-qual/2.0.0/checker-compat-qual-2.0.0.jar:/home/sandip/.m2/repository/com/google/errorprone/error_prone_annotations/2.1.3/error_prone_annotations-2.1.3.jar:/home/sandip/.m2/repository/com/google/j2objc/j2objc-annotations/1.1/j2objc-annotations-1.1.jar:/home/sandip/.m2/repository/org/codehaus/mojo/animal-sniffer-annotations/1.14/animal-sniffer-annotations-1.14.jar:/home/sandip/.m2/repository/com/squareup/okhttp3/okhttp/3.11.0/okhttp-3.11.0.jar:/home/sandip/.m2/repository/com/squareup/okio/okio/1.14.0/okio-1.14.0.jar:/home/sandip/.m2/repository/org/testng/testng/6.8/testng-6.8.jar:/home/sandip/.m2/repository/org/beanshell/bsh/2.0b4/bsh-2.0b4.jar:/home/sandip/.m2/repository/com/beust/jcommander/1.27/jcommander-1.27.jar:/home/sandip/.m2/repository/org/yaml/snakeyaml/1.6/snakeyaml-1.6.jar:/home/sandip/.m2/repository/com/relevantcodes/extentreports/2.41.1/extentreports-2.41.1.jar:/home/sandip/.m2/repository/org/jsoup/jsoup/1.8.3/jsoup-1.8.3.jar:/home/sandip/.m2/repository/org/xerial/sqlite-jdbc/3.8.11.1/sqlite-jdbc-3.8.11.1.jar:/home/sandip/.m2/repository/org/freemarker/freemarker/2.3.23/freemarker-2.3.23.jar:/home/sandip/.m2/repository/org/mongodb/mongodb-driver/3.0.4/mongodb-driver-3.0.4.jar:/home/sandip/.m2/repository/org/mongodb/bson/3.0.4/bson-3.0.4.jar:/home/sandip/.m2/repository/org/mongodb/mongodb-driver-core/3.0.4/mongodb-driver-core-3.0.4.jar:/home/sandip/.m2/repository/org/apache/logging/log4j/log4j-api/2.13.1/log4j-api-2.13.1.jar:/home/sandip/.m2/repository/org/apache/logging/log4j/log4j-core/2.13.1/log4j-core-2.13.1.jar:/home/sandip/.m2/repository/commons-io/commons-io/2.6/commons-io-2.6.jar:/home/sandip/.m2/repository/com/google/inject/guice/4.2.2/guice-4.2.2.jar:/home/sandip/.m2/repository/javax/inject/javax.inject/1/javax.inject-1.jar:/home/sandip/.m2/repository/aopalliance/aopalliance/1.0/aopalliance-1.0.jar:"/>
    <property name="sun.cpu.endian" value="little"/>
    <property name="user.home" value="/home/sandip"/>
    <property name="chromedriver.chrome.driver" value="/home/sandip/Downloads/Framework/BuildAutoFWKFromScratch-master/src/main/java/resources/chromedriver"/>
    <property name="user.language" value="en"/>
    <property name="java.specification.vendor" value="Oracle Corporation"/>
    <property name="java.version.date" value="2021-10-19"/>
    <property name="java.home" value="/usr/lib/jvm/java-17-oracle"/>
    <property name="file.separator" value="/"/>
    <property name="basedir" value="/home/sandip/Downloads/Framework/BuildAutoFWKFromScratch-master"/>
    <property name="java.vm.compressedOopsMode" value="32-bit"/>
    <property name="line.separator" value="&#10;"/>
    <property name="java.vm.specification.vendor" value="Oracle Corporation"/>
    <property name="java.specification.name" value="Java Platform API Specification"/>
    <property name="surefire.real.class.path" value="/home/sandip/Downloads/Framework/BuildAutoFWKFromScratch-master/target/surefire/surefirebooter7413563378324142078.jar"/>
    <property name="sun.management.compiler" value="HotSpot 64-Bit Tiered Compilers"/>
    <property name="java.runtime.version" value="17.0.1+12-LTS-39"/>
    <property name="user.name" value="sandip"/>
    <property name="path.separator" value=":"/>
    <property name="os.version" value="5.15.0-56-generic"/>
    <property name="java.runtime.name" value="Java(TM) SE Runtime Environment"/>
    <property name="file.encoding" value="UTF-8"/>
    <property name="java.vm.name" value="Java HotSpot(TM) 64-Bit Server VM"/>
    <property name="localRepository" value="/home/sandip/.m2/repository"/>
    <property name="java.vendor.url.bug" value="https://bugreport.java.com/bugreport/"/>
    <property name="java.io.tmpdir" value="/tmp"/>
    <property name="idea.version" value="2022.3"/>
    <property name="java.version" value="17.0.1"/>
    <property name="user.dir" value="/home/sandip/Downloads/Framework/BuildAutoFWKFromScratch-master"/>
    <property name="os.arch" value="amd64"/>
    <property name="java.vm.specification.name" value="Java Virtual Machine Specification"/>
    <property name="native.encoding" value="UTF-8"/>
    <property name="java.library.path" value="/usr/java/packages/lib:/usr/lib64:/lib64:/lib:/usr/lib"/>
    <property name="java.vm.info" value="mixed mode, sharing"/>
    <property name="java.vendor" value="Oracle Corporation"/>
    <property name="java.vm.version" value="17.0.1+12-LTS-39"/>
    <property name="sun.io.unicode.encoding" value="UnicodeLittle"/>
    <property name="java.class.version" value="61.0"/>
  </properties>
  <testcase name="basePageNavigation" classname="Academy.HomePage" time="13.571"/>
  <testcase name="basePageNavigation" classname="Academy.HomePage" time="3.577"/>
</testsuite>