<?xml version="1.0" encoding="UTF-8"?>
<!-- Generated by org.testng.reporters.JUnitReportReporter -->
<testsuite skipped="0" hostname="RayPC" name="Academy.validateNavigationBar" tests="1" failures="0" timestamp="2020-04-24T14:36:05 EDT" time="3.653" errors="0">
  <testcase name="basePageNavigation" time="3.653" classname="Academy.validateNavigationBar"/>
  <system-out/>
</testsuite> <!-- Academy.validateNavigationBar -->
