<?xml version="1.0" encoding="UTF-8"?>
<!-- Generated by org.testng.reporters.JUnitReportReporter -->
<testsuite skipped="0" hostname="RayPC" name="Academy.HomePage" tests="2" failures="0" timestamp="2020-04-24T14:36:05 EDT" time="18.767" errors="0">
  <testcase name="basePageNavigation" time="6.600" classname="Academy.HomePage"/>
  <system-out/>
  <testcase name="basePageNavigation" time="12.167" classname="Academy.HomePage"/>
  <system-out/>
</testsuite> <!-- Academy.HomePage -->
