<?xml version="1.0" encoding="UTF-8"?>
<!-- Generated by org.testng.reporters.JUnitReportReporter -->
<testsuite hostname="sandip" failures="0" tests="1" name="Academy.validateTitle" time="2.452" errors="0" timestamp="2022-12-15T23:35:43 IST" skipped="0">
  <testcase classname="Academy.validateTitle" name="basePageNavigation" time="2.452"/>
  <system-out/>
</testsuite> <!-- Academy.validateTitle -->
