<?xml version="1.0" encoding="UTF-8"?>
<!-- Generated by org.testng.reporters.JUnitReportReporter -->
<testsuite hostname="sandip" failures="0" tests="2" name="Academy.HomePage" time="17.151" errors="0" timestamp="10 Dec 2022 10:20:28 GMT">
  <testcase classname="Academy.HomePage" name="basePageNavigation" time="13.571"/>
  <testcase classname="Academy.HomePage" name="basePageNavigation" time="3.580"/>
</testsuite> <!-- Academy.HomePage -->
